2025-05-22 17:17:09,992 - INFO - loading dataset from here: ../data/customized_data/hg19_gene/training_data/X_filtered.npy
2025-05-22 17:17:10,133 - INFO - Sanity Check for X shape: (2638, 50)
2025-05-22 17:20:42,263 - INFO - dataset: customized_data
2025-05-22 17:20:42,263 - INFO - dataset_name: hg19_gene
2025-05-22 17:20:42,263 - INFO - normalize: False
2025-05-22 17:20:42,263 - INFO - data_T: False
2025-05-22 17:20:42,263 - INFO - output_dir: output
2025-05-22 17:20:42,263 - INFO - method: tsne
2025-05-22 17:20:42,263 - INFO - PCA: True
2025-05-22 17:20:42,263 - INFO - PCA_dimension: 50
2025-05-22 17:20:42,263 - INFO - tsne_no_dims: 2
2025-05-22 17:20:42,263 - INFO - tsne_perplexity: 30.0
2025-05-22 17:20:42,263 - INFO - tsne_initial_momentum: 0.5
2025-05-22 17:20:42,263 - INFO - tsne_final_momentum: 0.8
2025-05-22 17:20:42,263 - INFO - tsne_eta: 500
2025-05-22 17:20:42,263 - INFO - tsne_min_gain: 0.01
2025-05-22 17:20:42,263 - INFO - tsne_T: 1000
2025-05-22 17:20:42,263 - INFO - GraphDR_lambda_: 1.0
2025-05-22 17:20:42,263 - INFO - GraphDR_no_rotation: True
2025-05-22 17:20:42,263 - INFO - GraphDR_n_neighbor: 10
2025-05-22 17:20:42,263 - INFO - GraphDR_top_d_eigenvector: 10
2025-05-22 17:20:42,263 - INFO - All results and plots have been sucessfully saved!
